
> shieldpay-ai@0.1.0 build
> next build

ΓÜá Warning: Next.js inferred your workspace root, but it may not be correct.
 We detected multiple lockfiles and selected the directory of C:\Users\ritup\package-lock.json as the root directory.
 To silence this warning, set `turbopack.root` in your Next.js config, or consider removing one of the lockfiles if it's not needed.
   See https://nextjs.org/docs/app/api-reference/config/next-config-js/turbopack#root-directory for more information.
 Detected additional lockfiles: 
   * C:\Users\ritup\OneDrive\Desktop\Projects\Guidewire ShieldPay\shieldpay-ai\package-lock.json

Γû▓ Next.js 16.2.0 (Turbopack)

  Creating an optimized production build ...
Γ£ô Compiled successfully in 4.7s
  Running TypeScript ...
  Finished TypeScript in 5.8s ...
  Collecting page data using 10 workers ...
  Generating static pages using 10 workers (0/9) ...
The width(-1) and height(-1) of chart should be greater than 0,
       please check the style of container, or the props width(100%) and height(100%),
       or add a minWidth(0) or minHeight(undefined) or use aspect(undefined) to control the
       height and width.
  Generating static pages using 10 workers (2/9) 
  Generating static pages using 10 workers (4/9) 
  Generating static pages using 10 workers (6/9) 
Γ£ô Generating static pages using 10 workers (9/9) in 1434ms
  Finalizing page optimization ...

Route (app)
Γöî Γùï /
Γö£ Γùï /_not-found
Γö£ Γùï /claims
Γö£ Γùï /dashboard
Γö£ Γùï /payment
Γö£ Γùï /plans
Γöö Γùï /settings


Γùï  (Static)  prerendered as static content

